<?xml version="1.0" encoding="UTF-8"?>
<testsuite name="com.tiobe.Gherkin.AppTest" tests="1" skipped="0" failures="0" errors="0" timestamp="2021-03-08T00:17:53" hostname="LAPTOP-0KMPE08Q" time="0.014">
  <properties/>
  <testcase name="parseFeatureFile()" classname="com.tiobe.Gherkin.AppTest" time="0.014"/>
  <system-out><![CDATA[]]></system-out>
  <system-err><![CDATA[]]></system-err>
</testsuite>
